commit c005dcd9599189eec85af565b11bbcad9c881756
Author: Marek5050 <marek.bejda@gmail.com>
Date:   Tue Jun 23 10:10:09 2015 -0500

    Added the git.log

commit 34d6785a4c627e3343f13a414bc62d5f8f1e891b
Author: JacobHarvey <jacoblharvey@utexas.edu>
Date:   Mon Jun 22 20:30:37 2015 -0500

    Done, done done. Fixed #18 fixed #12

commit 0e8aed83dfe2184c0786390263521ba08a8da21d
Author: Marek5050 <marek.bejda@gmail.com>
Date:   Mon Jun 22 12:45:47 2015 -0500

    Updated the doxygen from my project to the correct title. Added couple
    of comments to PFD.c++

commit 076631e4418c229d5e542ca29a368e464fafc130
Author: JacobHarvey <jacoblharvey@utexas.edu>
Date:   Sun Jun 21 14:17:12 2015 -0500

    finished adding comments for html. Need to be checked over before submission.

commit f4d6d427879d60d0442f5a52f32e3bb269079edb
Author: JacobHarvey <jacoblharvey@utexas.edu>
Date:   Sun Jun 21 13:15:08 2015 -0500

    Passes sphere with 0.00 time, no need for optimization fixed #20

commit 42cff56426a717d8b51ae0912096d14859a2f578
Author: Marek <marek.bejda@gmail.com>
Date:   Sun Jun 21 13:10:58 2015 -0500

     Added doxygen documentation and finished Tests, close #19 and close #17 and fix #16

commit f3f872b337ac8899bead5d5795eb3db7d5d3e039
Author: Marek5050 <marek.bejda@gmail.com>
Date:   Sun Jun 21 12:11:39 2015 -0500

    Removed Extraneous comments close #17 and added unit tests.

commit ddf7a077ff60838e9582f33de9bf5f123495075a
Author: JacobHarvey <jacoblharvey@utexas.edu>
Date:   Sat Jun 20 17:30:14 2015 -0500

    passes sphere fixed #22 fixed #21 fixed #13

commit fdefd3ce7452a0e234f05ce2a608b6eeb9b535fe
Author: JacobHarvey <jacoblharvey@utexas.edu>
Date:   Sat Jun 20 16:44:07 2015 -0500

    committing. Failing simple test about order. About to change stageq into the runq loop

commit e1da8f3305a170a557c3598ba06f9cb48b115f6e
Author: JacobHarvey <jacoblharvey@utexas.edu>
Date:   Sat Jun 20 15:05:24 2015 -0500

    mostly working

commit 56536f6a5df8ceddc8f4d14db5d09e5296709582
Author: JacobHarvey <jacoblharvey@utexas.edu>
Date:   Sat Jun 20 14:31:38 2015 -0500

    Freaking awesome, it'ws somewhat workinggit add . and closes #14

commit 253cbeac1ebfda85827520fb3b4cbef99aa923e9
Author: JacobHarvey <jacoblharvey@utexas.edu>
Date:   Sat Jun 20 14:14:50 2015 -0500

    started on eval

commit c2207b3883c263caa5b4aba3ea7c010b4b159be6
Author: Marek5050 <marek.bejda@gmail.com>
Date:   Sat Jun 20 12:49:16 2015 -0500

    Priority Queue and Testing Fixed

commit 84c451349c10797fe5cc2ea3ff6a5bd5a27a2ce0
Author: JacobHarvey <jacoblharvey@utexas.edu>
Date:   Fri Jun 19 11:35:54 2015 -0500

    fixed #11

commit ef5c4424c696542cc36720e5e739fd72736bc5b7
Author: JacobHarvey <jacoblharvey@utexas.edu>
Date:   Fri Jun 19 11:35:22 2015 -0500

    finished reading, testing issues

commit f9204c34be557534dfd83c5478ba0969f795e491
Author: JacobHarvey <jacoblharvey@utexas.edu>
Date:   Fri Jun 19 11:33:45 2015 -0500

    set up reading closed #11

commit a93d1cf39f0e952abda6e8d57ca1aee69b1802a3
Author: JacobHarvey <jacoblharvey@utexas.edu>
Date:   Fri Jun 19 10:22:11 2015 -0500

    Test Travis CI

commit 90cb19afe2c756ba0a190cb1837d133bcb0d8cf5
Author: JacobHarvey <jacoblharvey@utexas.edu>
Date:   Fri Jun 19 10:00:31 2015 -0500

    final initialize

commit e70b522ae85c3dd2156a131875d8034da9033e22
Author: JacobHarvey <jacoblharvey@utexas.edu>
Date:   Fri Jun 19 09:58:26 2015 -0500

    actually initialized and deleted cached

commit 5eec98523c11d9344adc9876a075e933ccfdb354
Author: JacobHarvey <jacoblharvey@utexas.edu>
Date:   Fri Jun 19 08:56:31 2015 -0500

    done

commit 699013c6bba9f9c17e2b85e2308b6b3756338e78
Author: JacobHarvey <jacoblharvey@utexas.edu>
Date:   Wed Jun 17 18:22:39 2015 -0500

    final test for travis

commit 088c55d9068d39df638744b328bf4226431f9d6a
Author: JacobHarvey <jacoblharvey@utexas.edu>
Date:   Mon Jun 15 23:33:34 2015 -0500

    cache wasn't running until now fixed #10 fixed #13 fixed #8 fixed #3

commit 80feb832f3ebc9e0f35ab784c6bc8e46f04174e3
Author: JacobHarvey <jacoblharvey@utexas.edu>
Date:   Mon Jun 15 23:26:39 2015 -0500

    fixed #1 fixed #3 fixed #5 fixed  #8  fixed #10  fixed #16 fixed #12 fixed 14

commit 9f87681ead958f994f6550f7f8b86fc45abc7634
Author: JacobHarvey <jacoblharvey@utexas.edu>
Date:   Mon Jun 15 23:04:12 2015 -0500

    fixed #16 got runcollatz to run i think

commit 45499d5cee7a16e05cf5a3c3a964bab6eecce6d7
Author: JacobHarvey <jacoblharvey@utexas.edu>
Date:   Mon Jun 15 22:19:10 2015 -0500

    fixed #1 wrote all of the tests. i think. maybe

commit 3cd3fb88d404387a8408c9949fd9e31bb172d65e
Author: JacobHarvey <jacoblharvey@utexas.edu>
Date:   Mon Jun 15 21:14:48 2015 -0500

    fixed #15 passed sphere tests with time of .01

commit 9c18ba213f4b44bd3e9d266678c964f35a4468bc
Author: JacobHarvey <jacoblharvey@utexas.edu>
Date:   Mon Jun 15 14:32:03 2015 -0500

    fixed #14 added asserts to functions in Collatz.c++. Might need to add more later for cache

commit e0763162fc236d0b85b5bc4ede05d01fffb3a7fa
Author: JacobHarvey <jacoblharvey@utexas.edu>
Date:   Mon Jun 15 13:42:38 2015 -0500

    finished simple implementation of collatzeval() and got everything to run fixed #2 #13

commit 20ddcbf7002316c1e5fe894dbf878d12a79e1411
Author: JacobHarvey <jacoblharvey@utexas.edu>
Date:   Mon Jun 15 12:59:23 2015 -0500

    failed locally when valgrind output to testcollatz.out #13

commit 32ced975bfdb5e1e72a9e377f6ba663ebdc08aea
Author: JacobHarvey <jacoblharvey@utexas.edu>
Date:   Mon Jun 15 12:26:50 2015 -0500

    Fixed #11 i think i travis CI will work now? Fixed bug in Collatz.eval()

commit e5ab827c14adfbf1c892566d01b79e2699ad11e1
Author: JacobHarvey <jacoblharvey@utexas.edu>
Date:   Mon Jun 15 12:19:08 2015 -0500

    fixed semicolon

commit 47395c255723538a31716994886c222d3f5b6ab8
Author: JacobHarvey <jacoblharvey@utexas.edu>
Date:   Mon Jun 15 01:26:10 2015 -0500

    worked on git eval

commit 5712be9da229554a9d2383f305225beb91ec907f
Author: JacobHarvey <jacoblharvey@utexas.edu>
Date:   Mon Jun 15 00:34:56 2015 -0500

    copied the files and set up the code. Ran first test, runs, haven't changed any output/ implemented collatz yet. Testing travis CI

commit 6f6735b57c9209ed9b3161dcad92eb96d2079403
Author: Glenn Downing <downing@cs.utexas.edu>
Date:   Mon Jun 8 12:05:32 2015 -0500

    another commit

commit 4195144d61f7ab8665ba0217fdce4f28b8376086
Author: Glenn Downing <downing@cs.utexas.edu>
Date:   Mon Jun 8 11:38:21 2015 -0500

    another commit

commit 7193fd1c1549453c8b2adf534a54b872a5ba9ec9
Author: Glenn Downing <downing@cs.utexas.edu>
Date:   Sun Jun 7 23:55:19 2015 -0500

    another commit

commit ee2d278b3b44b788b07e06f97a983545177b2a8b
Author: Glenn Downing <downing@cs.utexas.edu>
Date:   Sun Jun 7 18:54:48 2015 -0500

    another commit

commit 256dfc1fafe42f8828be379216189a7cc8d5b9f2
Author: Glenn Downing <downing@cs.utexas.edu>
Date:   Sun Jun 7 18:47:05 2015 -0500

    another commit

commit 479f0854e6fa8a0fb4d33f7f4d5ae382860f4985
Author: Glenn Downing <downing@cs.utexas.edu>
Date:   Sun Jun 7 18:35:17 2015 -0500

    another commit

commit a621d9eaf0be09b3be83c9199e6f49953f6d4c1e
Author: Glenn Downing <downing@cs.utexas.edu>
Date:   Sun Jun 7 18:28:01 2015 -0500

    another commit

commit e36e9182ff226ab8ee2eda221fd6888743006c9b
Author: Glenn Downing <downing@cs.utexas.edu>
Date:   Sun Jun 7 18:21:34 2015 -0500

    another commit

commit 763a9e2f10a05c799ad72e5687c577ef4471a735
Author: Glenn Downing <downing@cs.utexas.edu>
Date:   Sun Jun 7 18:18:36 2015 -0500

    another commit

commit 7086f3c1d470eee3f2357117b4846458a14e4155
Author: Glenn Downing <downing@cs.utexas.edu>
Date:   Sun Jun 7 18:03:54 2015 -0500

    another commit

commit 34baabbddfab542f345ac90f4170827008d614db
Author: Glenn Downing <downing@cs.utexas.edu>
Date:   Sun Jun 7 17:54:54 2015 -0500

    another commit

commit 20de09012ca02774ceef156c88abd0c6ca19de19
Author: Glenn Downing <downing@cs.utexas.edu>
Date:   Sun Jun 7 16:37:07 2015 -0500

    another commit

commit 652257f9d72d47c53aace403f36f8b23603a4db1
Author: Glenn Downing <downing@cs.utexas.edu>
Date:   Sun Jun 7 09:50:08 2015 -0500

    first commit
