1 10 20
100 200 125
201 210 89
900 1000 174
1 1 1
2 1 2
3 1 8
291040 291748 327
10077 79918 351
30408 98544 351
40355 69114 340
51960 78318 351
110979 11522 354
94791 85213 333
333889 339043 366
21543 104179 351
10051 81245 351
111782 63430 354
3254 16624 276
36144 9906 324
29220 53913 340
34366 73006 340
99956 9052 351
568286 569561 359
393430 397544 405
119008 117423 336
74104 19721 340
49481 62373 340
51254 102610 351
1 2 2
3 4 8
5 6 9
7 8 17
9 10 20
999999 999999 259
50 50 25
100 100 26
100000 100000 129
73009 40817 340
60206 32765 340
62540 76130 330
91135 105002 341
321793 322251 260
88736 49727 351
763094 761012 362
61366 81533 351
92064 35684 351
78113 103852 341
338688 336906 366
629187 629125 173
303799 305590 340
8261 61199 340
8843 100450 351
2460 31242 308
64416 35910 340
49918 100116 351
675530 677147 385
109393 31426 354
620859 613806 447
327566 333349 353
42755 1545 324
98304 33950 351
706086 706919 305
22082 7879 279
134476 136493 344
82725 27118 351
102593 58424 351
616333 619826 372
110980 5264 354
298223 297789 296
109258 83480 354
33378 43462 324
72861 42049 340
84756 63916 351
74046 12395 340
134463 136833 344
65214 10606 340
349167 348107 335
110686 48504 354
69410 7807 340
56355 28922 340
94833 25627 351
118580 128393 336
31445 89392 351
64036 36729 340
844765 846353 401
42803 30282 324
449772 449752 250
113652 125093 349
467107 467236 263
895204 895762 326
904792 904424 339
737441 737058 380
297432 297966 327
801813 801896 300
122361 122138 243
312763 312806 185
192399 192617 272
84088 83597 289
507041 507511 333




















